{
    "DBSnapshots": [
        {
            "DBSnapshotIdentifier": "cloud-platform-16a74aa5ce79e853-finalsnapshot",
            "DBInstanceIdentifier": "cloud-platform-16a74aa5ce79e853-backup",
            "SnapshotCreateTime": "2025-08-15T14:54:31.667000+00:00",
            "Engine": "postgres",
            "AllocatedStorage": 50,
            "Status": "available",
            "Port": 5432,
            "AvailabilityZone": "eu-west-2a",
            "VpcId": "vpc-0726ec279947067f8",
            "InstanceCreateTime": "2025-08-13T14:59:10.284000+00:00",
            "MasterUsername": "cpQxufb7U8",
            "EngineVersion": "17.4",
            "LicenseModel": "postgresql-license",
            "SnapshotType": "manual",
            "OptionGroupName": "default:postgres-17",
            "PercentProgress": 100,
            "StorageType": "gp2",
            "Encrypted": true,
            "KmsKeyId": "arn:aws:kms:eu-west-2:754256621582:key/e75531ec-c478-4f62-a76e-bea5df420c01",
            "DBSnapshotArn": "arn:aws:rds:eu-west-2:754256621582:snapshot:cloud-platform-16a74aa5ce79e853-finalsnapshot",
            "IAMDatabaseAuthenticationEnabled": false,
            "ProcessorFeatures": [],
            "DbiResourceId": "db-4EU6D6UGWEGZAE65NF5N5T2RBA",
            "TagList": [
                {
                    "Key": "owner",
                    "Value": "webops"
                },
                {
                    "Key": "slack-channel",
                    "Value": "cloud-platform"
                },
                {
                    "Key": "environment-name",
                    "Value": "test"
                },
                {
                    "Key": "source-code",
                    "Value": "github.com/ministryofjustice/cloud-platform-environments"
                },
                {
                    "Key": "application",
                    "Value": "test application for tariq"
                },
                {
                    "Key": "cloud-platform-rds-auto-shutdown",
                    "Value": "Schedule RDS Stop/Start during non-business hours for cost saving"
                },
                {
                    "Key": "is-production",
                    "Value": "false"
                },
                {
                    "Key": "namespace",
                    "Value": "tariq-test"
                },
                {
                    "Key": "business-unit",
                    "Value": "Platforms"
                },
                {
                    "Key": "infrastructure-support",
                    "Value": "platforms@digital.justice.gov.uk"
                }
            ],
            "OriginalSnapshotCreateTime": "2025-08-15T14:54:31.667000+00:00",
            "SnapshotTarget": "region",
            "StorageThroughput": 0,
            "DedicatedLogVolume": false
        }
    ]
}
